<?xml version="1.0" encoding="UTF-8"?>
<testsuite xmlns:xsi="http://www.w3.org/2001/XMLSchema-instance" xsi:noNamespaceSchemaLocation="https://maven.apache.org/surefire/maven-surefire-plugin/xsd/surefire-test-report.xsd" name="org.example.AppTest" time="0.026" tests="1" errors="0" skipped="0" failures="0">
  <properties>
    <property name="sun.desktop" value="windows"/>
    <property name="awt.toolkit" value="sun.awt.windows.WToolkit"/>
    <property name="file.encoding.pkg" value="sun.io"/>
    <property name="java.specification.version" value="1.8"/>
    <property name="sun.cpu.isalist" value="amd64"/>
    <property name="sun.jnu.encoding" value="GBK"/>
    <property name="java.class.path" value="E:\IdeaProjects\tengkelearning\sogou\sogou\target\test-classes;E:\IdeaProjects\tengkelearning\sogou\sogou\target\classes;E:\repository\junit\junit\4.11\junit-4.11.jar;E:\repository\org\hamcrest\hamcrest-core\1.3\hamcrest-core-1.3.jar;E:\repository\org\apache\spark\spark-core_2.12\2.4.5\spark-core_2.12-2.4.5.jar;E:\repository\com\thoughtworks\paranamer\paranamer\2.8\paranamer-2.8.jar;E:\repository\org\apache\avro\avro\1.8.2\avro-1.8.2.jar;E:\repository\org\codehaus\jackson\jackson-core-asl\1.9.13\jackson-core-asl-1.9.13.jar;E:\repository\org\codehaus\jackson\jackson-mapper-asl\1.9.13\jackson-mapper-asl-1.9.13.jar;E:\repository\org\apache\commons\commons-compress\1.8.1\commons-compress-1.8.1.jar;E:\repository\org\tukaani\xz\1.5\xz-1.5.jar;E:\repository\org\apache\avro\avro-mapred\1.8.2\avro-mapred-1.8.2-hadoop2.jar;E:\repository\org\apache\avro\avro-ipc\1.8.2\avro-ipc-1.8.2.jar;E:\repository\commons-codec\commons-codec\1.9\commons-codec-1.9.jar;E:\repository\com\twitter\chill_2.12\0.9.3\chill_2.12-0.9.3.jar;E:\repository\com\esotericsoftware\kryo-shaded\4.0.2\kryo-shaded-4.0.2.jar;E:\repository\com\esotericsoftware\minlog\1.3.0\minlog-1.3.0.jar;E:\repository\org\objenesis\objenesis\2.5.1\objenesis-2.5.1.jar;E:\repository\com\twitter\chill-java\0.9.3\chill-java-0.9.3.jar;E:\repository\org\apache\xbean\xbean-asm6-shaded\4.8\xbean-asm6-shaded-4.8.jar;E:\repository\org\apache\hadoop\hadoop-client\2.6.5\hadoop-client-2.6.5.jar;E:\repository\org\apache\hadoop\hadoop-common\2.6.5\hadoop-common-2.6.5.jar;E:\repository\commons-cli\commons-cli\1.2\commons-cli-1.2.jar;E:\repository\xmlenc\xmlenc\0.52\xmlenc-0.52.jar;E:\repository\commons-httpclient\commons-httpclient\3.1\commons-httpclient-3.1.jar;E:\repository\commons-io\commons-io\2.4\commons-io-2.4.jar;E:\repository\commons-collections\commons-collections\3.2.2\commons-collections-3.2.2.jar;E:\repository\commons-configuration\commons-configuration\1.6\commons-configuration-1.6.jar;E:\repository\commons-digester\commons-digester\1.8\commons-digester-1.8.jar;E:\repository\commons-beanutils\commons-beanutils\1.7.0\commons-beanutils-1.7.0.jar;E:\repository\com\google\code\gson\gson\2.2.4\gson-2.2.4.jar;E:\repository\org\apache\hadoop\hadoop-auth\2.6.5\hadoop-auth-2.6.5.jar;E:\repository\org\apache\httpcomponents\httpclient\4.2.5\httpclient-4.2.5.jar;E:\repository\org\apache\httpcomponents\httpcore\4.2.4\httpcore-4.2.4.jar;E:\repository\org\apache\directory\server\apacheds-kerberos-codec\2.0.0-M15\apacheds-kerberos-codec-2.0.0-M15.jar;E:\repository\org\apache\directory\server\apacheds-i18n\2.0.0-M15\apacheds-i18n-2.0.0-M15.jar;E:\repository\org\apache\directory\api\api-asn1-api\1.0.0-M20\api-asn1-api-1.0.0-M20.jar;E:\repository\org\apache\directory\api\api-util\1.0.0-M20\api-util-1.0.0-M20.jar;E:\repository\org\apache\curator\curator-client\2.6.0\curator-client-2.6.0.jar;E:\repository\org\htrace\htrace-core\3.0.4\htrace-core-3.0.4.jar;E:\repository\org\apache\hadoop\hadoop-hdfs\2.6.5\hadoop-hdfs-2.6.5.jar;E:\repository\org\mortbay\jetty\jetty-util\6.1.26\jetty-util-6.1.26.jar;E:\repository\xerces\xercesImpl\2.9.1\xercesImpl-2.9.1.jar;E:\repository\xml-apis\xml-apis\1.3.04\xml-apis-1.3.04.jar;E:\repository\org\apache\hadoop\hadoop-mapreduce-client-app\2.6.5\hadoop-mapreduce-client-app-2.6.5.jar;E:\repository\org\apache\hadoop\hadoop-mapreduce-client-common\2.6.5\hadoop-mapreduce-client-common-2.6.5.jar;E:\repository\org\apache\hadoop\hadoop-yarn-client\2.6.5\hadoop-yarn-client-2.6.5.jar;E:\repository\org\apache\hadoop\hadoop-yarn-server-common\2.6.5\hadoop-yarn-server-common-2.6.5.jar;E:\repository\org\apache\hadoop\hadoop-mapreduce-client-shuffle\2.6.5\hadoop-mapreduce-client-shuffle-2.6.5.jar;E:\repository\org\apache\hadoop\hadoop-yarn-api\2.6.5\hadoop-yarn-api-2.6.5.jar;E:\repository\org\apache\hadoop\hadoop-mapreduce-client-core\2.6.5\hadoop-mapreduce-client-core-2.6.5.jar;E:\repository\org\apache\hadoop\hadoop-yarn-common\2.6.5\hadoop-yarn-common-2.6.5.jar;E:\repository\javax\xml\bind\jaxb-api\2.2.2\jaxb-api-2.2.2.jar;E:\repository\javax\xml\stream\stax-api\1.0-2\stax-api-1.0-2.jar;E:\repository\org\codehaus\jackson\jackson-jaxrs\1.9.13\jackson-jaxrs-1.9.13.jar;E:\repository\org\codehaus\jackson\jackson-xc\1.9.13\jackson-xc-1.9.13.jar;E:\repository\org\apache\hadoop\hadoop-mapreduce-client-jobclient\2.6.5\hadoop-mapreduce-client-jobclient-2.6.5.jar;E:\repository\org\apache\hadoop\hadoop-annotations\2.6.5\hadoop-annotations-2.6.5.jar;E:\repository\org\apache\spark\spark-launcher_2.12\2.4.5\spark-launcher_2.12-2.4.5.jar;E:\repository\org\apache\spark\spark-kvstore_2.12\2.4.5\spark-kvstore_2.12-2.4.5.jar;E:\repository\org\fusesource\leveldbjni\leveldbjni-all\1.8\leveldbjni-all-1.8.jar;E:\repository\com\fasterxml\jackson\core\jackson-core\2.6.7\jackson-core-2.6.7.jar;E:\repository\com\fasterxml\jackson\core\jackson-annotations\2.6.7\jackson-annotations-2.6.7.jar;E:\repository\org\apache\spark\spark-network-common_2.12\2.4.5\spark-network-common_2.12-2.4.5.jar;E:\repository\org\apache\spark\spark-network-shuffle_2.12\2.4.5\spark-network-shuffle_2.12-2.4.5.jar;E:\repository\org\apache\spark\spark-unsafe_2.12\2.4.5\spark-unsafe_2.12-2.4.5.jar;E:\repository\javax\activation\activation\1.1.1\activation-1.1.1.jar;E:\repository\org\apache\curator\curator-recipes\2.6.0\curator-recipes-2.6.0.jar;E:\repository\org\apache\curator\curator-framework\2.6.0\curator-framework-2.6.0.jar;E:\repository\com\google\guava\guava\16.0.1\guava-16.0.1.jar;E:\repository\org\apache\zookeeper\zookeeper\3.4.6\zookeeper-3.4.6.jar;E:\repository\javax\servlet\javax.servlet-api\3.1.0\javax.servlet-api-3.1.0.jar;E:\repository\org\apache\commons\commons-lang3\3.5\commons-lang3-3.5.jar;E:\repository\org\apache\commons\commons-math3\3.4.1\commons-math3-3.4.1.jar;E:\repository\com\google\code\findbugs\jsr305\1.3.9\jsr305-1.3.9.jar;E:\repository\org\slf4j\slf4j-api\1.7.16\slf4j-api-1.7.16.jar;E:\repository\org\slf4j\jul-to-slf4j\1.7.16\jul-to-slf4j-1.7.16.jar;E:\repository\org\slf4j\jcl-over-slf4j\1.7.16\jcl-over-slf4j-1.7.16.jar;E:\repository\log4j\log4j\1.2.17\log4j-1.2.17.jar;E:\repository\org\slf4j\slf4j-log4j12\1.7.16\slf4j-log4j12-1.7.16.jar;E:\repository\com\ning\compress-lzf\1.0.3\compress-lzf-1.0.3.jar;E:\repository\org\xerial\snappy\snappy-java\1.1.7.3\snappy-java-1.1.7.3.jar;E:\repository\org\lz4\lz4-java\1.4.0\lz4-java-1.4.0.jar;E:\repository\com\github\luben\zstd-jni\1.3.2-2\zstd-jni-1.3.2-2.jar;E:\repository\org\roaringbitmap\RoaringBitmap\0.7.45\RoaringBitmap-0.7.45.jar;E:\repository\org\roaringbitmap\shims\0.7.45\shims-0.7.45.jar;E:\repository\commons-net\commons-net\3.1\commons-net-3.1.jar;E:\repository\org\scala-lang\scala-library\2.12.10\scala-library-2.12.10.jar;E:\repository\org\json4s\json4s-jackson_2.12\3.5.3\json4s-jackson_2.12-3.5.3.jar;E:\repository\org\json4s\json4s-core_2.12\3.5.3\json4s-core_2.12-3.5.3.jar;E:\repository\org\json4s\json4s-ast_2.12\3.5.3\json4s-ast_2.12-3.5.3.jar;E:\repository\org\json4s\json4s-scalap_2.12\3.5.3\json4s-scalap_2.12-3.5.3.jar;E:\repository\org\scala-lang\modules\scala-xml_2.12\1.0.6\scala-xml_2.12-1.0.6.jar;E:\repository\org\glassfish\jersey\core\jersey-client\2.22.2\jersey-client-2.22.2.jar;E:\repository\javax\ws\rs\javax.ws.rs-api\2.0.1\javax.ws.rs-api-2.0.1.jar;E:\repository\org\glassfish\hk2\hk2-api\2.4.0-b34\hk2-api-2.4.0-b34.jar;E:\repository\org\glassfish\hk2\hk2-utils\2.4.0-b34\hk2-utils-2.4.0-b34.jar;E:\repository\org\glassfish\hk2\external\aopalliance-repackaged\2.4.0-b34\aopalliance-repackaged-2.4.0-b34.jar;E:\repository\org\glassfish\hk2\external\javax.inject\2.4.0-b34\javax.inject-2.4.0-b34.jar;E:\repository\org\glassfish\hk2\hk2-locator\2.4.0-b34\hk2-locator-2.4.0-b34.jar;E:\repository\org\javassist\javassist\3.18.1-GA\javassist-3.18.1-GA.jar;E:\repository\org\glassfish\jersey\core\jersey-common\2.22.2\jersey-common-2.22.2.jar;E:\repository\javax\annotation\javax.annotation-api\1.2\javax.annotation-api-1.2.jar;E:\repository\org\glassfish\jersey\bundles\repackaged\jersey-guava\2.22.2\jersey-guava-2.22.2.jar;E:\repository\org\glassfish\hk2\osgi-resource-locator\1.0.1\osgi-resource-locator-1.0.1.jar;E:\repository\org\glassfish\jersey\core\jersey-server\2.22.2\jersey-server-2.22.2.jar;E:\repository\org\glassfish\jersey\media\jersey-media-jaxb\2.22.2\jersey-media-jaxb-2.22.2.jar;E:\repository\javax\validation\validation-api\1.1.0.Final\validation-api-1.1.0.Final.jar;E:\repository\org\glassfish\jersey\containers\jersey-container-servlet\2.22.2\jersey-container-servlet-2.22.2.jar;E:\repository\org\glassfish\jersey\containers\jersey-container-servlet-core\2.22.2\jersey-container-servlet-core-2.22.2.jar;E:\repository\io\netty\netty-all\4.1.42.Final\netty-all-4.1.42.Final.jar;E:\repository\io\netty\netty\3.9.9.Final\netty-3.9.9.Final.jar;E:\repository\com\clearspring\analytics\stream\2.7.0\stream-2.7.0.jar;E:\repository\io\dropwizard\metrics\metrics-core\3.1.5\metrics-core-3.1.5.jar;E:\repository\io\dropwizard\metrics\metrics-jvm\3.1.5\metrics-jvm-3.1.5.jar;E:\repository\io\dropwizard\metrics\metrics-json\3.1.5\metrics-json-3.1.5.jar;E:\repository\io\dropwizard\metrics\metrics-graphite\3.1.5\metrics-graphite-3.1.5.jar;E:\repository\com\fasterxml\jackson\core\jackson-databind\2.6.7.3\jackson-databind-2.6.7.3.jar;E:\repository\com\fasterxml\jackson\module\jackson-module-scala_2.12\2.6.7.1\jackson-module-scala_2.12-2.6.7.1.jar;E:\repository\org\scala-lang\scala-reflect\2.12.1\scala-reflect-2.12.1.jar;E:\repository\com\fasterxml\jackson\module\jackson-module-paranamer\2.7.9\jackson-module-paranamer-2.7.9.jar;E:\repository\org\apache\ivy\ivy\2.4.0\ivy-2.4.0.jar;E:\repository\oro\oro\2.0.8\oro-2.0.8.jar;E:\repository\net\razorvine\pyrolite\4.13\pyrolite-4.13.jar;E:\repository\net\sf\py4j\py4j\0.10.7\py4j-0.10.7.jar;E:\repository\org\apache\spark\spark-tags_2.12\2.4.5\spark-tags_2.12-2.4.5.jar;E:\repository\org\apache\commons\commons-crypto\1.0.0\commons-crypto-1.0.0.jar;E:\repository\org\spark-project\spark\unused\1.0.0\unused-1.0.0.jar;E:\repository\org\apache\spark\spark-sql_2.12\2.4.5\spark-sql_2.12-2.4.5.jar;E:\repository\com\univocity\univocity-parsers\2.7.3\univocity-parsers-2.7.3.jar;E:\repository\org\apache\spark\spark-sketch_2.12\2.4.5\spark-sketch_2.12-2.4.5.jar;E:\repository\org\apache\spark\spark-catalyst_2.12\2.4.5\spark-catalyst_2.12-2.4.5.jar;E:\repository\org\scala-lang\modules\scala-parser-combinators_2.12\1.1.0\scala-parser-combinators_2.12-1.1.0.jar;E:\repository\org\codehaus\janino\janino\3.0.9\janino-3.0.9.jar;E:\repository\org\codehaus\janino\commons-compiler\3.0.9\commons-compiler-3.0.9.jar;E:\repository\org\antlr\antlr4-runtime\4.7\antlr4-runtime-4.7.jar;E:\repository\org\apache\orc\orc-core\1.5.5\orc-core-1.5.5-nohive.jar;E:\repository\org\apache\orc\orc-shims\1.5.5\orc-shims-1.5.5.jar;E:\repository\commons-lang\commons-lang\2.6\commons-lang-2.6.jar;E:\repository\io\airlift\aircompressor\0.10\aircompressor-0.10.jar;E:\repository\org\apache\orc\orc-mapreduce\1.5.5\orc-mapreduce-1.5.5-nohive.jar;E:\repository\org\apache\parquet\parquet-column\1.10.1\parquet-column-1.10.1.jar;E:\repository\org\apache\parquet\parquet-common\1.10.1\parquet-common-1.10.1.jar;E:\repository\org\apache\parquet\parquet-encoding\1.10.1\parquet-encoding-1.10.1.jar;E:\repository\org\apache\parquet\parquet-hadoop\1.10.1\parquet-hadoop-1.10.1.jar;E:\repository\org\apache\parquet\parquet-format\2.4.0\parquet-format-2.4.0.jar;E:\repository\org\apache\parquet\parquet-jackson\1.10.1\parquet-jackson-1.10.1.jar;E:\repository\org\apache\arrow\arrow-vector\0.10.0\arrow-vector-0.10.0.jar;E:\repository\org\apache\arrow\arrow-format\0.10.0\arrow-format-0.10.0.jar;E:\repository\org\apache\arrow\arrow-memory\0.10.0\arrow-memory-0.10.0.jar;E:\repository\joda-time\joda-time\2.9.9\joda-time-2.9.9.jar;E:\repository\com\carrotsearch\hppc\0.7.2\hppc-0.7.2.jar;E:\repository\com\vlkan\flatbuffers\1.2.0-3f79e055\flatbuffers-1.2.0-3f79e055.jar;E:\repository\mysql\mysql-connector-java\8.0.22\mysql-connector-java-8.0.22.jar;E:\repository\com\google\protobuf\protobuf-java\3.11.4\protobuf-java-3.11.4.jar;"/>
    <property name="java.vm.vendor" value="Oracle Corporation"/>
    <property name="sun.arch.data.model" value="64"/>
    <property name="user.variant" value=""/>
    <property name="java.vendor.url" value="http://java.oracle.com/"/>
    <property name="user.timezone" value="Asia/Shanghai"/>
    <property name="java.vm.specification.version" value="1.8"/>
    <property name="os.name" value="Windows 10"/>
    <property name="user.country" value="CN"/>
    <property name="sun.java.launcher" value="SUN_STANDARD"/>
    <property name="sun.boot.library.path" value="C:\Program Files\Java\jdk1.8.0_261\jre\bin"/>
    <property name="sun.java.command" value="C:\Users\11852\AppData\Local\Temp\surefire5963411480355895515\surefirebooter6577850445042094147.jar C:\Users\11852\AppData\Local\Temp\surefire5963411480355895515 2022-08-01T21-11-05_766-jvmRun1 surefire28675235674187749tmp surefire_05426714769642339604tmp"/>
    <property name="surefire.test.class.path" value="E:\IdeaProjects\tengkelearning\sogou\sogou\target\test-classes;E:\IdeaProjects\tengkelearning\sogou\sogou\target\classes;E:\repository\junit\junit\4.11\junit-4.11.jar;E:\repository\org\hamcrest\hamcrest-core\1.3\hamcrest-core-1.3.jar;E:\repository\org\apache\spark\spark-core_2.12\2.4.5\spark-core_2.12-2.4.5.jar;E:\repository\com\thoughtworks\paranamer\paranamer\2.8\paranamer-2.8.jar;E:\repository\org\apache\avro\avro\1.8.2\avro-1.8.2.jar;E:\repository\org\codehaus\jackson\jackson-core-asl\1.9.13\jackson-core-asl-1.9.13.jar;E:\repository\org\codehaus\jackson\jackson-mapper-asl\1.9.13\jackson-mapper-asl-1.9.13.jar;E:\repository\org\apache\commons\commons-compress\1.8.1\commons-compress-1.8.1.jar;E:\repository\org\tukaani\xz\1.5\xz-1.5.jar;E:\repository\org\apache\avro\avro-mapred\1.8.2\avro-mapred-1.8.2-hadoop2.jar;E:\repository\org\apache\avro\avro-ipc\1.8.2\avro-ipc-1.8.2.jar;E:\repository\commons-codec\commons-codec\1.9\commons-codec-1.9.jar;E:\repository\com\twitter\chill_2.12\0.9.3\chill_2.12-0.9.3.jar;E:\repository\com\esotericsoftware\kryo-shaded\4.0.2\kryo-shaded-4.0.2.jar;E:\repository\com\esotericsoftware\minlog\1.3.0\minlog-1.3.0.jar;E:\repository\org\objenesis\objenesis\2.5.1\objenesis-2.5.1.jar;E:\repository\com\twitter\chill-java\0.9.3\chill-java-0.9.3.jar;E:\repository\org\apache\xbean\xbean-asm6-shaded\4.8\xbean-asm6-shaded-4.8.jar;E:\repository\org\apache\hadoop\hadoop-client\2.6.5\hadoop-client-2.6.5.jar;E:\repository\org\apache\hadoop\hadoop-common\2.6.5\hadoop-common-2.6.5.jar;E:\repository\commons-cli\commons-cli\1.2\commons-cli-1.2.jar;E:\repository\xmlenc\xmlenc\0.52\xmlenc-0.52.jar;E:\repository\commons-httpclient\commons-httpclient\3.1\commons-httpclient-3.1.jar;E:\repository\commons-io\commons-io\2.4\commons-io-2.4.jar;E:\repository\commons-collections\commons-collections\3.2.2\commons-collections-3.2.2.jar;E:\repository\commons-configuration\commons-configuration\1.6\commons-configuration-1.6.jar;E:\repository\commons-digester\commons-digester\1.8\commons-digester-1.8.jar;E:\repository\commons-beanutils\commons-beanutils\1.7.0\commons-beanutils-1.7.0.jar;E:\repository\com\google\code\gson\gson\2.2.4\gson-2.2.4.jar;E:\repository\org\apache\hadoop\hadoop-auth\2.6.5\hadoop-auth-2.6.5.jar;E:\repository\org\apache\httpcomponents\httpclient\4.2.5\httpclient-4.2.5.jar;E:\repository\org\apache\httpcomponents\httpcore\4.2.4\httpcore-4.2.4.jar;E:\repository\org\apache\directory\server\apacheds-kerberos-codec\2.0.0-M15\apacheds-kerberos-codec-2.0.0-M15.jar;E:\repository\org\apache\directory\server\apacheds-i18n\2.0.0-M15\apacheds-i18n-2.0.0-M15.jar;E:\repository\org\apache\directory\api\api-asn1-api\1.0.0-M20\api-asn1-api-1.0.0-M20.jar;E:\repository\org\apache\directory\api\api-util\1.0.0-M20\api-util-1.0.0-M20.jar;E:\repository\org\apache\curator\curator-client\2.6.0\curator-client-2.6.0.jar;E:\repository\org\htrace\htrace-core\3.0.4\htrace-core-3.0.4.jar;E:\repository\org\apache\hadoop\hadoop-hdfs\2.6.5\hadoop-hdfs-2.6.5.jar;E:\repository\org\mortbay\jetty\jetty-util\6.1.26\jetty-util-6.1.26.jar;E:\repository\xerces\xercesImpl\2.9.1\xercesImpl-2.9.1.jar;E:\repository\xml-apis\xml-apis\1.3.04\xml-apis-1.3.04.jar;E:\repository\org\apache\hadoop\hadoop-mapreduce-client-app\2.6.5\hadoop-mapreduce-client-app-2.6.5.jar;E:\repository\org\apache\hadoop\hadoop-mapreduce-client-common\2.6.5\hadoop-mapreduce-client-common-2.6.5.jar;E:\repository\org\apache\hadoop\hadoop-yarn-client\2.6.5\hadoop-yarn-client-2.6.5.jar;E:\repository\org\apache\hadoop\hadoop-yarn-server-common\2.6.5\hadoop-yarn-server-common-2.6.5.jar;E:\repository\org\apache\hadoop\hadoop-mapreduce-client-shuffle\2.6.5\hadoop-mapreduce-client-shuffle-2.6.5.jar;E:\repository\org\apache\hadoop\hadoop-yarn-api\2.6.5\hadoop-yarn-api-2.6.5.jar;E:\repository\org\apache\hadoop\hadoop-mapreduce-client-core\2.6.5\hadoop-mapreduce-client-core-2.6.5.jar;E:\repository\org\apache\hadoop\hadoop-yarn-common\2.6.5\hadoop-yarn-common-2.6.5.jar;E:\repository\javax\xml\bind\jaxb-api\2.2.2\jaxb-api-2.2.2.jar;E:\repository\javax\xml\stream\stax-api\1.0-2\stax-api-1.0-2.jar;E:\repository\org\codehaus\jackson\jackson-jaxrs\1.9.13\jackson-jaxrs-1.9.13.jar;E:\repository\org\codehaus\jackson\jackson-xc\1.9.13\jackson-xc-1.9.13.jar;E:\repository\org\apache\hadoop\hadoop-mapreduce-client-jobclient\2.6.5\hadoop-mapreduce-client-jobclient-2.6.5.jar;E:\repository\org\apache\hadoop\hadoop-annotations\2.6.5\hadoop-annotations-2.6.5.jar;E:\repository\org\apache\spark\spark-launcher_2.12\2.4.5\spark-launcher_2.12-2.4.5.jar;E:\repository\org\apache\spark\spark-kvstore_2.12\2.4.5\spark-kvstore_2.12-2.4.5.jar;E:\repository\org\fusesource\leveldbjni\leveldbjni-all\1.8\leveldbjni-all-1.8.jar;E:\repository\com\fasterxml\jackson\core\jackson-core\2.6.7\jackson-core-2.6.7.jar;E:\repository\com\fasterxml\jackson\core\jackson-annotations\2.6.7\jackson-annotations-2.6.7.jar;E:\repository\org\apache\spark\spark-network-common_2.12\2.4.5\spark-network-common_2.12-2.4.5.jar;E:\repository\org\apache\spark\spark-network-shuffle_2.12\2.4.5\spark-network-shuffle_2.12-2.4.5.jar;E:\repository\org\apache\spark\spark-unsafe_2.12\2.4.5\spark-unsafe_2.12-2.4.5.jar;E:\repository\javax\activation\activation\1.1.1\activation-1.1.1.jar;E:\repository\org\apache\curator\curator-recipes\2.6.0\curator-recipes-2.6.0.jar;E:\repository\org\apache\curator\curator-framework\2.6.0\curator-framework-2.6.0.jar;E:\repository\com\google\guava\guava\16.0.1\guava-16.0.1.jar;E:\repository\org\apache\zookeeper\zookeeper\3.4.6\zookeeper-3.4.6.jar;E:\repository\javax\servlet\javax.servlet-api\3.1.0\javax.servlet-api-3.1.0.jar;E:\repository\org\apache\commons\commons-lang3\3.5\commons-lang3-3.5.jar;E:\repository\org\apache\commons\commons-math3\3.4.1\commons-math3-3.4.1.jar;E:\repository\com\google\code\findbugs\jsr305\1.3.9\jsr305-1.3.9.jar;E:\repository\org\slf4j\slf4j-api\1.7.16\slf4j-api-1.7.16.jar;E:\repository\org\slf4j\jul-to-slf4j\1.7.16\jul-to-slf4j-1.7.16.jar;E:\repository\org\slf4j\jcl-over-slf4j\1.7.16\jcl-over-slf4j-1.7.16.jar;E:\repository\log4j\log4j\1.2.17\log4j-1.2.17.jar;E:\repository\org\slf4j\slf4j-log4j12\1.7.16\slf4j-log4j12-1.7.16.jar;E:\repository\com\ning\compress-lzf\1.0.3\compress-lzf-1.0.3.jar;E:\repository\org\xerial\snappy\snappy-java\1.1.7.3\snappy-java-1.1.7.3.jar;E:\repository\org\lz4\lz4-java\1.4.0\lz4-java-1.4.0.jar;E:\repository\com\github\luben\zstd-jni\1.3.2-2\zstd-jni-1.3.2-2.jar;E:\repository\org\roaringbitmap\RoaringBitmap\0.7.45\RoaringBitmap-0.7.45.jar;E:\repository\org\roaringbitmap\shims\0.7.45\shims-0.7.45.jar;E:\repository\commons-net\commons-net\3.1\commons-net-3.1.jar;E:\repository\org\scala-lang\scala-library\2.12.10\scala-library-2.12.10.jar;E:\repository\org\json4s\json4s-jackson_2.12\3.5.3\json4s-jackson_2.12-3.5.3.jar;E:\repository\org\json4s\json4s-core_2.12\3.5.3\json4s-core_2.12-3.5.3.jar;E:\repository\org\json4s\json4s-ast_2.12\3.5.3\json4s-ast_2.12-3.5.3.jar;E:\repository\org\json4s\json4s-scalap_2.12\3.5.3\json4s-scalap_2.12-3.5.3.jar;E:\repository\org\scala-lang\modules\scala-xml_2.12\1.0.6\scala-xml_2.12-1.0.6.jar;E:\repository\org\glassfish\jersey\core\jersey-client\2.22.2\jersey-client-2.22.2.jar;E:\repository\javax\ws\rs\javax.ws.rs-api\2.0.1\javax.ws.rs-api-2.0.1.jar;E:\repository\org\glassfish\hk2\hk2-api\2.4.0-b34\hk2-api-2.4.0-b34.jar;E:\repository\org\glassfish\hk2\hk2-utils\2.4.0-b34\hk2-utils-2.4.0-b34.jar;E:\repository\org\glassfish\hk2\external\aopalliance-repackaged\2.4.0-b34\aopalliance-repackaged-2.4.0-b34.jar;E:\repository\org\glassfish\hk2\external\javax.inject\2.4.0-b34\javax.inject-2.4.0-b34.jar;E:\repository\org\glassfish\hk2\hk2-locator\2.4.0-b34\hk2-locator-2.4.0-b34.jar;E:\repository\org\javassist\javassist\3.18.1-GA\javassist-3.18.1-GA.jar;E:\repository\org\glassfish\jersey\core\jersey-common\2.22.2\jersey-common-2.22.2.jar;E:\repository\javax\annotation\javax.annotation-api\1.2\javax.annotation-api-1.2.jar;E:\repository\org\glassfish\jersey\bundles\repackaged\jersey-guava\2.22.2\jersey-guava-2.22.2.jar;E:\repository\org\glassfish\hk2\osgi-resource-locator\1.0.1\osgi-resource-locator-1.0.1.jar;E:\repository\org\glassfish\jersey\core\jersey-server\2.22.2\jersey-server-2.22.2.jar;E:\repository\org\glassfish\jersey\media\jersey-media-jaxb\2.22.2\jersey-media-jaxb-2.22.2.jar;E:\repository\javax\validation\validation-api\1.1.0.Final\validation-api-1.1.0.Final.jar;E:\repository\org\glassfish\jersey\containers\jersey-container-servlet\2.22.2\jersey-container-servlet-2.22.2.jar;E:\repository\org\glassfish\jersey\containers\jersey-container-servlet-core\2.22.2\jersey-container-servlet-core-2.22.2.jar;E:\repository\io\netty\netty-all\4.1.42.Final\netty-all-4.1.42.Final.jar;E:\repository\io\netty\netty\3.9.9.Final\netty-3.9.9.Final.jar;E:\repository\com\clearspring\analytics\stream\2.7.0\stream-2.7.0.jar;E:\repository\io\dropwizard\metrics\metrics-core\3.1.5\metrics-core-3.1.5.jar;E:\repository\io\dropwizard\metrics\metrics-jvm\3.1.5\metrics-jvm-3.1.5.jar;E:\repository\io\dropwizard\metrics\metrics-json\3.1.5\metrics-json-3.1.5.jar;E:\repository\io\dropwizard\metrics\metrics-graphite\3.1.5\metrics-graphite-3.1.5.jar;E:\repository\com\fasterxml\jackson\core\jackson-databind\2.6.7.3\jackson-databind-2.6.7.3.jar;E:\repository\com\fasterxml\jackson\module\jackson-module-scala_2.12\2.6.7.1\jackson-module-scala_2.12-2.6.7.1.jar;E:\repository\org\scala-lang\scala-reflect\2.12.1\scala-reflect-2.12.1.jar;E:\repository\com\fasterxml\jackson\module\jackson-module-paranamer\2.7.9\jackson-module-paranamer-2.7.9.jar;E:\repository\org\apache\ivy\ivy\2.4.0\ivy-2.4.0.jar;E:\repository\oro\oro\2.0.8\oro-2.0.8.jar;E:\repository\net\razorvine\pyrolite\4.13\pyrolite-4.13.jar;E:\repository\net\sf\py4j\py4j\0.10.7\py4j-0.10.7.jar;E:\repository\org\apache\spark\spark-tags_2.12\2.4.5\spark-tags_2.12-2.4.5.jar;E:\repository\org\apache\commons\commons-crypto\1.0.0\commons-crypto-1.0.0.jar;E:\repository\org\spark-project\spark\unused\1.0.0\unused-1.0.0.jar;E:\repository\org\apache\spark\spark-sql_2.12\2.4.5\spark-sql_2.12-2.4.5.jar;E:\repository\com\univocity\univocity-parsers\2.7.3\univocity-parsers-2.7.3.jar;E:\repository\org\apache\spark\spark-sketch_2.12\2.4.5\spark-sketch_2.12-2.4.5.jar;E:\repository\org\apache\spark\spark-catalyst_2.12\2.4.5\spark-catalyst_2.12-2.4.5.jar;E:\repository\org\scala-lang\modules\scala-parser-combinators_2.12\1.1.0\scala-parser-combinators_2.12-1.1.0.jar;E:\repository\org\codehaus\janino\janino\3.0.9\janino-3.0.9.jar;E:\repository\org\codehaus\janino\commons-compiler\3.0.9\commons-compiler-3.0.9.jar;E:\repository\org\antlr\antlr4-runtime\4.7\antlr4-runtime-4.7.jar;E:\repository\org\apache\orc\orc-core\1.5.5\orc-core-1.5.5-nohive.jar;E:\repository\org\apache\orc\orc-shims\1.5.5\orc-shims-1.5.5.jar;E:\repository\commons-lang\commons-lang\2.6\commons-lang-2.6.jar;E:\repository\io\airlift\aircompressor\0.10\aircompressor-0.10.jar;E:\repository\org\apache\orc\orc-mapreduce\1.5.5\orc-mapreduce-1.5.5-nohive.jar;E:\repository\org\apache\parquet\parquet-column\1.10.1\parquet-column-1.10.1.jar;E:\repository\org\apache\parquet\parquet-common\1.10.1\parquet-common-1.10.1.jar;E:\repository\org\apache\parquet\parquet-encoding\1.10.1\parquet-encoding-1.10.1.jar;E:\repository\org\apache\parquet\parquet-hadoop\1.10.1\parquet-hadoop-1.10.1.jar;E:\repository\org\apache\parquet\parquet-format\2.4.0\parquet-format-2.4.0.jar;E:\repository\org\apache\parquet\parquet-jackson\1.10.1\parquet-jackson-1.10.1.jar;E:\repository\org\apache\arrow\arrow-vector\0.10.0\arrow-vector-0.10.0.jar;E:\repository\org\apache\arrow\arrow-format\0.10.0\arrow-format-0.10.0.jar;E:\repository\org\apache\arrow\arrow-memory\0.10.0\arrow-memory-0.10.0.jar;E:\repository\joda-time\joda-time\2.9.9\joda-time-2.9.9.jar;E:\repository\com\carrotsearch\hppc\0.7.2\hppc-0.7.2.jar;E:\repository\com\vlkan\flatbuffers\1.2.0-3f79e055\flatbuffers-1.2.0-3f79e055.jar;E:\repository\mysql\mysql-connector-java\8.0.22\mysql-connector-java-8.0.22.jar;E:\repository\com\google\protobuf\protobuf-java\3.11.4\protobuf-java-3.11.4.jar;"/>
    <property name="sun.cpu.endian" value="little"/>
    <property name="user.home" value="C:\Users\11852"/>
    <property name="user.language" value="zh"/>
    <property name="java.specification.vendor" value="Oracle Corporation"/>
    <property name="java.home" value="C:\Program Files\Java\jdk1.8.0_261\jre"/>
    <property name="basedir" value="E:\IdeaProjects\tengkelearning\sogou\sogou"/>
    <property name="file.separator" value="\"/>
    <property name="line.separator" value="&#10;"/>
    <property name="java.vm.specification.vendor" value="Oracle Corporation"/>
    <property name="java.specification.name" value="Java Platform API Specification"/>
    <property name="java.awt.graphicsenv" value="sun.awt.Win32GraphicsEnvironment"/>
    <property name="surefire.real.class.path" value="C:\Users\11852\AppData\Local\Temp\surefire5963411480355895515\surefirebooter6577850445042094147.jar"/>
    <property name="sun.boot.class.path" value="C:\Program Files\Java\jdk1.8.0_261\jre\lib\resources.jar;C:\Program Files\Java\jdk1.8.0_261\jre\lib\rt.jar;C:\Program Files\Java\jdk1.8.0_261\jre\lib\sunrsasign.jar;C:\Program Files\Java\jdk1.8.0_261\jre\lib\jsse.jar;C:\Program Files\Java\jdk1.8.0_261\jre\lib\jce.jar;C:\Program Files\Java\jdk1.8.0_261\jre\lib\charsets.jar;C:\Program Files\Java\jdk1.8.0_261\jre\lib\jfr.jar;C:\Program Files\Java\jdk1.8.0_261\jre\classes"/>
    <property name="user.script" value=""/>
    <property name="sun.management.compiler" value="HotSpot 64-Bit Tiered Compilers"/>
    <property name="java.runtime.version" value="1.8.0_261-b12"/>
    <property name="user.name" value="11852"/>
    <property name="path.separator" value=";"/>
    <property name="os.version" value="10.0"/>
    <property name="java.endorsed.dirs" value="C:\Program Files\Java\jdk1.8.0_261\jre\lib\endorsed"/>
    <property name="java.runtime.name" value="Java(TM) SE Runtime Environment"/>
    <property name="file.encoding" value="GBK"/>
    <property name="java.vm.name" value="Java HotSpot(TM) 64-Bit Server VM"/>
    <property name="localRepository" value="E:\repository"/>
    <property name="java.vendor.url.bug" value="http://bugreport.sun.com/bugreport/"/>
    <property name="java.io.tmpdir" value="C:\Users\11852\AppData\Local\Temp\"/>
    <property name="idea.version" value="2022.1.4"/>
    <property name="java.version" value="1.8.0_261"/>
    <property name="user.dir" value="E:\IdeaProjects\tengkelearning\sogou\sogou"/>
    <property name="os.arch" value="amd64"/>
    <property name="java.vm.specification.name" value="Java Virtual Machine Specification"/>
    <property name="java.awt.printerjob" value="sun.awt.windows.WPrinterJob"/>
    <property name="sun.os.patch.level" value=""/>
    <property name="java.library.path" value="C:\Program Files\Java\jdk1.8.0_261\jre\bin;C:\WINDOWS\Sun\Java\bin;C:\WINDOWS\system32;C:\WINDOWS;C:\Users\11852\AppData\Roaming\Python\Python39\Scripts\;C:\Program Files\Microsoft SQL Server\Client SDK\ODBC\170\Tools\Binn\;C:\Program Files (x86)\Microsoft SQL Server\150\Tools\Binn\;C:\Program Files\Microsoft SQL Server\150\Tools\Binn\;C:\Program Files\Microsoft SQL Server\150\DTS\Binn\;C:\Program Files (x86)\Microsoft SQL Server\150\DTS\Binn\;C:\Program Files\Azure Data Studio\bin;C:\Program Files\Microsoft SQL Server\130\Tools\Binn\;F:\git home\Git\cmd;C:\Program Files (x86)\ICBCEbankTools\Gemplus\GemSafe Libraries\BIN\;C:\Program Files\Java\jdk1.8.0_261\bin;E:\Maven\apache-maven-3.6.3\bin;E:\scala\bin;C:\Users\11852\AppData\Local\Programs\Python\Python39\Scripts\;C:\Users\11852\AppData\Local\Programs\Python\Python39\;C:\Program Files\MySQL\MySQL Shell 8.0\bin\;C:\Users\11852\AppData\Local\Microsoft\WindowsApps;E:\JAVA IDEA\IntelliJ IDEA Community Edition 2021.2.2\bin;;%PyCharm Community Edition%;D:\mysql-8.0.27-winx64\bin;C:\Program Files\Azure Data Studio\bin;C:\Users\11852\AppData\Roaming\Microsoft\Windows\Start Menu\Programs\Windows PowerShell;C:\Users\11852\AppData\Local\GitHubDesktop\bin;E:\PyCharm 2022.2\bin;;."/>
    <property name="java.vm.info" value="mixed mode"/>
    <property name="java.vendor" value="Oracle Corporation"/>
    <property name="java.vm.version" value="25.261-b12"/>
    <property name="java.ext.dirs" value="C:\Program Files\Java\jdk1.8.0_261\jre\lib\ext;C:\WINDOWS\Sun\Java\lib\ext"/>
    <property name="sun.io.unicode.encoding" value="UnicodeLittle"/>
    <property name="maven.repo.local" value="E:\repository"/>
    <property name="java.class.version" value="52.0"/>
  </properties>
  <testcase name="shouldAnswerWithTrue" classname="org.example.AppTest" time="0.003"/>
</testsuite>